<?xml version="1.0" encoding="UTF-8"?>
<testsuite name="com.liandfung.app.TodoApplicationTests" tests="3" skipped="0" failures="0" errors="0" timestamp="2023-03-21T17:39:17" hostname="Doans-MBP" time="0.096">
  <properties/>
  <testcase name="getTodo()" classname="com.liandfung.app.TodoApplicationTests" time="0.073"/>
  <testcase name="contextLoads()" classname="com.liandfung.app.TodoApplicationTests" time="0.001"/>
  <testcase name="createTodo()" classname="com.liandfung.app.TodoApplicationTests" time="0.019"/>
  <system-out><![CDATA[00:39:16.374 [Test worker] DEBUG org.springframework.test.context.support.AbstractContextLoader - Could not detect default resource locations for test class [com.liandfung.app.TodoApplicationTests]: no resource found for suffixes {-context.xml, Context.groovy}.
00:39:16.394 [Test worker] DEBUG org.springframework.boot.test.autoconfigure.web.servlet.WebMvcTestContextBootstrapper - Using ContextCustomizers for test class [TodoApplicationTests]: [DisableAutoConfigurationContextCustomizer, DisableObservabilityContextCustomizer, TypeExcludeFiltersContextCustomizer, PropertyMappingContextCustomizer, Customizer, ImportsContextCustomizer, ExcludeFilterContextCustomizer, DuplicateJsonObjectContextCustomizer, MockitoContextCustomizer]
00:39:16.407 [Test worker] DEBUG org.springframework.boot.test.autoconfigure.web.servlet.WebMvcTestContextBootstrapper - Using TestExecutionListeners for test class [TodoApplicationTests]: [ServletTestExecutionListener, DirtiesContextBeforeModesTestExecutionListener, ApplicationEventsTestExecutionListener, MockitoTestExecutionListener, DependencyInjectionTestExecutionListener, DirtiesContextTestExecutionListener, TransactionalTestExecutionListener, SqlScriptsTestExecutionListener, EventPublishingTestExecutionListener, RestDocsTestExecutionListener, MockRestServiceServerResetTestExecutionListener, MockMvcPrintOnlyOnFailureTestExecutionListener, WebDriverTestExecutionListener, MockWebServiceServerTestExecutionListener, ResetMocksTestExecutionListener]
00:39:16.407 [Test worker] DEBUG org.springframework.test.context.support.AbstractDirtiesContextTestExecutionListener - Before test class: class [TodoApplicationTests], class annotated with @DirtiesContext [false] with mode [null]

  .   ____          _            __ _ _
 /\\ / ___'_ __ _ _(_)_ __  __ _ \ \ \ \
( ( )\___ | '_ | '_| | '_ \/ _` | \ \ \ \
 \\/  ___)| |_)| | | | | || (_| |  ) ) ) )
  '  |____| .__|_| |_|_| |_\__, | / / / /
 =========|_|==============|___/=/_/_/_/
 :: Spring Boot ::             (v3.1.0-M1)

2023-03-22T00:39:16.551+07:00  INFO 25028 --- [    Test worker] com.liandfung.app.TodoApplicationTests   : Starting TodoApplicationTests using Java 17.0.6 with PID 25028 (started by Linh in /Users/Linh/Documents/Project/Java/Api/todo)
2023-03-22T00:39:16.552+07:00  INFO 25028 --- [    Test worker] com.liandfung.app.TodoApplicationTests   : No active profile set, falling back to 1 default profile: "default"
2023-03-22T00:39:17.032+07:00  INFO 25028 --- [    Test worker] o.s.b.t.m.w.SpringBootMockServletContext : Initializing Spring TestDispatcherServlet ''
2023-03-22T00:39:17.032+07:00  INFO 25028 --- [    Test worker] o.s.t.web.servlet.TestDispatcherServlet  : Initializing Servlet ''
2023-03-22T00:39:17.034+07:00  INFO 25028 --- [    Test worker] o.s.t.web.servlet.TestDispatcherServlet  : Completed initialization in 1 ms
2023-03-22T00:39:17.045+07:00  INFO 25028 --- [    Test worker] com.liandfung.app.TodoApplicationTests   : Started TodoApplicationTests in 0.618 seconds (process running for 1.03)
]]></system-out>
  <system-err><![CDATA[]]></system-err>
</testsuite>
